2025-01-23 23:53:46 - INFO - CAN bus initialized successfully
2025-01-23 23:53:46 - INFO - Filters set successfully: [{'can_id': 51, 'can_mask': 2047, 'extended': False}]
2025-01-23 23:53:46 - INFO - Message sent: ID=0x33, Data=[0, 25, 0, 1, 3, 1, 4, 1], Attempts remaining: 3
2025-01-23 23:53:51 - WARNING - No message received within timeout period (5.0s)
2025-01-23 23:53:51 - WARNING - No acknowledgment received. Retrying... 2 attempts left
2025-01-23 23:53:52 - INFO - Message sent: ID=0x33, Data=[0, 25, 0, 1, 3, 1, 4, 1], Attempts remaining: 2
2025-01-23 23:53:57 - WARNING - No message received within timeout period (5.0s)
2025-01-23 23:53:57 - WARNING - No acknowledgment received. Retrying... 1 attempts left
2025-01-23 23:53:58 - INFO - Message sent: ID=0x33, Data=[0, 25, 0, 1, 3, 1, 4, 1], Attempts remaining: 1
2025-01-23 23:54:03 - WARNING - No message received within timeout period (5.0s)
2025-01-23 23:54:03 - INFO - Bus statistics retrieved: {'messages_sent': 0, 'messages_received': 0, 'errors': 0, 'state': <BusState.ACTIVE: 1>}
2025-01-23 23:54:03 - INFO - CAN bus shut down successfully
2025-01-23 23:55:05 - INFO - CAN bus initialized successfully
2025-01-23 23:55:05 - INFO - Filters set successfully: [{'can_id': 51, 'can_mask': 2047, 'extended': False}]
2025-01-23 23:55:05 - INFO - Message sent: ID=0x33, Data=[0, 25, 0, 1, 3, 1, 4, 1], Attempts remaining: 3
2025-01-23 23:55:05 - INFO - Message received: ID=0x33, Data=bytearray(b'\x01')
2025-01-23 23:55:05 - INFO - Acknowledgment received for ID=0x33
2025-01-23 23:55:05 - INFO - Bus statistics retrieved: {'messages_sent': 0, 'messages_received': 0, 'errors': 0, 'state': <BusState.ACTIVE: 1>}
2025-01-23 23:55:05 - INFO - CAN bus shut down successfully
2025-01-23 23:55:16 - INFO - CAN bus initialized successfully
2025-01-23 23:55:16 - INFO - Filters set successfully: [{'can_id': 51, 'can_mask': 2047, 'extended': False}]
2025-01-23 23:55:16 - INFO - Message sent: ID=0x33, Data=[0, 25, 0, 1, 3, 1, 4, 1], Attempts remaining: 3
2025-01-23 23:55:21 - WARNING - No message received within timeout period (5.0s)
2025-01-23 23:55:21 - WARNING - No acknowledgment received. Retrying... 2 attempts left
2025-01-23 23:55:22 - INFO - Message sent: ID=0x33, Data=[0, 25, 0, 1, 3, 1, 4, 1], Attempts remaining: 2
2025-01-23 23:55:27 - WARNING - No message received within timeout period (5.0s)
2025-01-23 23:55:27 - WARNING - No acknowledgment received. Retrying... 1 attempts left
2025-01-23 23:55:28 - INFO - Message sent: ID=0x33, Data=[0, 25, 0, 1, 3, 1, 4, 1], Attempts remaining: 1
2025-01-23 23:55:33 - WARNING - No message received within timeout period (5.0s)
2025-01-23 23:55:33 - INFO - Bus statistics retrieved: {'messages_sent': 0, 'messages_received': 0, 'errors': 0, 'state': <BusState.ACTIVE: 1>}
2025-01-23 23:55:33 - INFO - CAN bus shut down successfully
2025-01-24 00:00:11 - INFO - CAN bus initialized successfully
2025-01-24 00:00:11 - INFO - Filters set successfully: [{'can_id': 51, 'can_mask': 2047, 'extended': False}]
2025-01-24 00:00:11 - INFO - Message sent: ID=0x33, Data=[0, 25, 0, 1, 3, 1, 4, 1], Attempts remaining: 3
2025-01-24 00:00:11 - INFO - Bus statistics retrieved: {'messages_sent': 0, 'messages_received': 0, 'errors': 0, 'state': <BusState.ACTIVE: 1>}
2025-01-24 00:00:11 - INFO - CAN bus shut down successfully
2025-01-24 00:00:20 - INFO - CAN bus initialized successfully
2025-01-24 00:00:20 - INFO - Filters set successfully: [{'can_id': 51, 'can_mask': 2047, 'extended': False}]
2025-01-24 00:00:20 - INFO - Message sent: ID=0x33, Data=[0, 25, 0, 1, 3, 1, 4, 1], Attempts remaining: 3
2025-01-24 00:00:20 - INFO - Bus statistics retrieved: {'messages_sent': 0, 'messages_received': 0, 'errors': 0, 'state': <BusState.ACTIVE: 1>}
2025-01-24 00:00:20 - INFO - CAN bus shut down successfully
