2025-01-23 22:23:42 - INFO - CAN bus initialized successfully
2025-01-23 22:23:42 - INFO - Filters set: [{'can_id': 51, 'can_mask': 2047, 'extended': False}]
2025-01-23 22:23:42 - INFO - Message sent: ID=0x33, data=[0, 25, 0, 1, 3, 1, 4, 1]
2025-01-23 22:23:47 - WARNING - No acknowledgment received
2025-01-23 22:23:47 - INFO - Message sent: ID=0x33, data=[0, 25, 0, 1, 3, 1, 4, 1]
2025-01-23 22:23:52 - WARNING - No acknowledgment received
2025-01-23 22:23:52 - INFO - Message sent: ID=0x33, data=[0, 25, 0, 1, 3, 1, 4, 1]
2025-01-23 22:23:57 - WARNING - No acknowledgment received
2025-01-23 22:24:02 - INFO - No message received (timeout)
2025-01-23 22:24:02 - INFO - CAN bus disconnected
2025-01-23 23:08:15 - INFO - Successfully connected to CAN bus
2025-01-23 23:08:15 - INFO - CAN communication started successfully
2025-01-23 23:08:16 - INFO - Disconnected from CAN bus
2025-01-23 23:08:16 - INFO - CAN communication stopped successfully
2025-01-23 23:09:05 - INFO - Successfully connected to CAN bus
2025-01-23 23:09:05 - INFO - CAN communication started successfully
2025-01-23 23:09:06 - INFO - Disconnected from CAN bus
2025-01-23 23:09:06 - INFO - CAN communication stopped successfully
2025-01-23 23:12:19 - INFO - Successfully connected to CAN bus
2025-01-23 23:12:19 - INFO - CAN communication started successfully
2025-01-23 23:12:21 - INFO - Disconnected from CAN bus
2025-01-23 23:12:21 - INFO - CAN communication stopped successfully
2025-01-23 23:15:04 - INFO - Successfully connected to CAN bus
2025-01-23 23:15:04 - INFO - CAN communication started successfully
2025-01-23 23:15:05 - INFO - Disconnected from CAN bus
2025-01-23 23:15:05 - INFO - CAN communication stopped successfully
