2025-01-23 23:54:57 - INFO - CAN bus initialized successfully for receiving messages.
2025-01-23 23:54:57 - INFO - Waiting to receive a CAN message...
2025-01-23 23:55:05 - INFO - Message received with arbitration_id=0x33 and data=bytearray(b'\x00\x19\x00\x01\x03\x01\x04\x01') , and hole message = Timestamp: 1737669305.106770    ID:      033    S Rx                DL:  8    00 19 00 01 03 01 04 01     Channel: 0
2025-01-23 23:55:05 - INFO - Acknowledgment sent for message arbitration_id=0x33
2025-01-23 23:55:05 - INFO - Waiting to receive a CAN message...
2025-01-23 23:55:15 - INFO - Timeout: No message received.
2025-01-23 23:55:15 - INFO - CAN receive operation complete.
2025-01-24 00:00:06 - INFO - CAN bus initialized successfully for receiving messages.
2025-01-24 00:00:06 - INFO - Waiting to receive a CAN message...
2025-01-24 00:00:11 - INFO - Message received with arbitration_id=0x33 and data=bytearray(b'\x00\x19\x00\x01\x03\x01\x04\x01') , and hole message = Timestamp: 1737669611.918570    ID:      033    S Rx                DL:  8    00 19 00 01 03 01 04 01     Channel: 0
2025-01-24 00:00:11 - INFO - Acknowledgment sent for message arbitration_id=0x33
2025-01-24 00:00:11 - INFO - Waiting to receive a CAN message...
2025-01-24 00:00:20 - INFO - Message received with arbitration_id=0x33 and data=bytearray(b'\x00\x19\x00\x01\x03\x01\x04\x01') , and hole message = Timestamp: 1737669620.855984    ID:      033    S Rx                DL:  8    00 19 00 01 03 01 04 01     Channel: 0
2025-01-24 00:00:20 - INFO - Acknowledgment sent for message arbitration_id=0x33
2025-01-24 00:00:20 - INFO - Waiting to receive a CAN message...
2025-01-24 00:00:30 - INFO - Timeout: No message received.
2025-01-24 00:00:30 - INFO - CAN receive operation complete.
2025-01-27 01:33:28 - INFO - CAN bus initialized successfully for receiving messages.
2025-01-27 01:33:28 - INFO - Waiting to receive a CAN message...
2025-01-27 01:33:38 - INFO - Timeout: No message received.
2025-01-27 01:33:38 - INFO - CAN receive operation complete.
2025-01-27 01:34:13 - INFO - CAN bus initialized successfully for receiving messages.
2025-01-27 01:34:13 - INFO - Waiting to receive a CAN message...
2025-01-27 01:34:23 - INFO - Timeout: No message received.
2025-01-27 01:34:23 - INFO - CAN receive operation complete.
2025-01-27 01:35:18 - INFO - CAN bus initialized successfully for receiving messages.
2025-01-27 01:35:18 - INFO - Waiting to receive a CAN message...
2025-01-27 01:35:28 - INFO - Timeout: No message received.
2025-01-27 01:35:28 - INFO - CAN receive operation complete.
2025-01-27 01:37:18 - INFO - CAN bus initialized successfully for receiving messages.
2025-01-27 01:37:18 - INFO - Waiting to receive a CAN message...
2025-01-27 01:37:28 - INFO - Timeout: No message received.
2025-01-27 01:37:28 - INFO - CAN receive operation complete.
2025-01-27 01:37:31 - INFO - CAN bus initialized successfully for receiving messages.
2025-01-27 01:37:31 - INFO - Waiting to receive a CAN message...
2025-01-27 01:37:41 - INFO - Timeout: No message received.
2025-01-27 01:37:41 - INFO - CAN receive operation complete.
2025-01-27 01:40:08 - INFO - CAN bus initialized successfully for receiving messages.
2025-01-27 01:40:08 - INFO - Waiting to receive a CAN message...
2025-01-27 01:40:18 - INFO - Timeout: No message received.
2025-01-27 01:40:18 - INFO - CAN receive operation complete.
2025-01-27 01:40:52 - INFO - CAN bus initialized successfully for receiving messages.
2025-01-27 01:40:52 - INFO - Waiting to receive a CAN message...
2025-01-27 01:41:02 - INFO - Timeout: No message received.
2025-01-27 01:41:02 - INFO - CAN receive operation complete.
2025-01-27 01:41:05 - INFO - CAN bus initialized successfully for receiving messages.
2025-01-27 01:41:05 - INFO - Waiting to receive a CAN message...
2025-01-27 01:41:15 - INFO - Timeout: No message received.
2025-01-27 01:41:15 - INFO - CAN receive operation complete.
2025-01-27 01:41:31 - INFO - CAN bus initialized successfully for receiving messages.
2025-01-27 01:41:31 - INFO - Waiting to receive a CAN message...
2025-01-27 01:41:41 - INFO - Timeout: No message received.
2025-01-27 01:41:41 - INFO - CAN receive operation complete.
2025-01-27 01:43:01 - INFO - CAN bus initialized successfully for receiving messages.
2025-01-27 01:43:01 - INFO - Waiting to receive a CAN message...
2025-01-27 01:51:03 - INFO - CAN bus initialized successfully for receiving messages.
2025-01-27 01:51:03 - INFO - Waiting to receive a CAN message...
2025-01-27 02:08:24 - INFO - CAN receive operation complete.
2025-01-27 02:09:24 - INFO - CAN bus initialized successfully for receiving messages.
2025-01-27 02:09:24 - INFO - Waiting to receive a CAN message...
2025-01-27 02:09:34 - INFO - Message received with arbitration_id=0x33 and data=bytearray(b'\x02\x10\x02\xff\xff\xff\xff\xff') , and hole message = Timestamp: 1737936574.062298    ID:      033    S Rx                DL:  8    02 10 02 ff ff ff ff ff     Channel: 0
2025-01-27 02:09:34 - INFO - Acknowledgment sent for message arbitration_id=0x33
2025-01-27 02:09:34 - INFO - Waiting to receive a CAN message...
2025-01-27 02:11:47 - INFO - Message received with arbitration_id=0x33 and data=bytearray(b'\x02\x10\x02\xff\xff\xff\xff\xff') , and hole message = Timestamp: 1737936707.301516    ID:      033    S Rx                DL:  8    02 10 02 ff ff ff ff ff     Channel: 0
2025-01-27 02:11:53 - INFO - Acknowledgment sent for message arbitration_id=0x33
2025-01-27 02:11:53 - INFO - Waiting to receive a CAN message...
2025-01-27 02:12:08 - INFO - CAN bus initialized successfully for receiving messages.
2025-01-27 02:12:08 - INFO - Waiting to receive a CAN message...
2025-01-27 02:12:14 - INFO - Message received with arbitration_id=0x33 and data=bytearray(b'\x02\x10\x02\xff\xff\xff\xff\xff') , and hole message = Timestamp: 1737936734.467291    ID:      033    S Rx                DL:  8    02 10 02 ff ff ff ff ff     Channel: 0
2025-01-27 02:12:14 - INFO - Acknowledgment sent for message arbitration_id=0x33
2025-01-27 02:12:14 - INFO - Waiting to receive a CAN message...
2025-01-27 02:14:21 - INFO - Message received with arbitration_id=0x33 and data=bytearray(b'\x02\x10\x02\xff\xff\xff\xff\xff') , and hole message = Timestamp: 1737936861.395695    ID:      033    S Rx                DL:  8    02 10 02 ff ff ff ff ff     Channel: 0
2025-01-27 02:14:21 - INFO - Acknowledgment sent for message arbitration_id=0x33
2025-01-27 02:14:21 - INFO - Waiting to receive a CAN message...
2025-01-27 02:14:49 - INFO - CAN bus initialized successfully for receiving messages.
2025-01-27 02:14:49 - INFO - Waiting to receive a CAN message...
2025-01-27 02:15:23 - INFO - Message received with arbitration_id=0x33 and data=bytearray(b'\x02\x10\x02\xff\xff\xff\xff\xff') , and hole message = Timestamp: 1737936923.557727    ID:      033    S Rx                DL:  8    02 10 02 ff ff ff ff ff     Channel: 0
2025-01-27 02:15:23 - INFO - Acknowledgment sent for message arbitration_id=0x33
2025-01-27 02:15:23 - INFO - Waiting to receive a CAN message...
2025-01-27 02:16:54 - INFO - CAN bus initialized successfully for receiving messages.
2025-01-27 02:16:54 - INFO - Waiting to receive a CAN message...
2025-01-27 02:17:03 - INFO - Message received with arbitration_id=0x33 and data=bytearray(b'\x02\x10\x02\xff\xff\xff\xff\xff') , and hole message = Timestamp: 1737937023.988916    ID:      033    S Rx                DL:  8    02 10 02 ff ff ff ff ff     Channel: 0
2025-01-27 02:17:03 - INFO - Acknowledgment sent for message arbitration_id=0x33
2025-01-27 02:17:03 - INFO - Waiting to receive a CAN message...
2025-01-27 02:18:53 - INFO - Message received with arbitration_id=0x33 and data=bytearray(b'\x02\x10\x02\xff\xff\xff\xff\xff') , and hole message = Timestamp: 1737937133.169705    ID:      033    S Rx                DL:  8    02 10 02 ff ff ff ff ff     Channel: 0
2025-01-27 02:18:53 - INFO - Acknowledgment sent for message arbitration_id=0x33
2025-01-27 02:18:53 - INFO - Waiting to receive a CAN message...
2025-01-27 02:21:50 - INFO - CAN bus initialized successfully for receiving messages.
2025-01-27 02:21:50 - INFO - Waiting to receive a CAN message...
2025-01-27 02:22:08 - INFO - Message received with arbitration_id=0x33 and data=bytearray(b'\x02\x10\x02\xff\xff\xff\xff\xff') , and hole message = Timestamp: 1737937328.742827    ID:      033    S Rx                DL:  8    02 10 02 ff ff ff ff ff     Channel: 0
2025-01-27 02:22:08 - INFO - Acknowledgment sent for message arbitration_id=0x33
2025-01-27 02:22:08 - INFO - Waiting to receive a CAN message...
2025-01-27 02:25:11 - INFO - CAN bus initialized successfully for receiving messages.
2025-01-27 02:25:11 - INFO - Waiting to receive a CAN message...
2025-01-27 02:25:21 - INFO - Message received with arbitration_id=0x33 and data=bytearray(b'\x02\x10\x02\xff\xff\xff\xff\xff') , and hole message = Timestamp: 1737937521.800299    ID:      033    S Rx                DL:  8    02 10 02 ff ff ff ff ff     Channel: 0
2025-01-27 02:25:21 - INFO - Acknowledgment sent for message arbitration_id=0x33
2025-01-27 02:25:21 - INFO - Waiting to receive a CAN message...
2025-01-27 02:26:42 - INFO - Message received with arbitration_id=0x33 and data=bytearray(b'\x02\x10\x02\xff\xff\xff\xff\xff') , and hole message = Timestamp: 1737937602.502673    ID:      033    S Rx                DL:  8    02 10 02 ff ff ff ff ff     Channel: 0
2025-01-27 02:26:42 - INFO - Acknowledgment sent for message arbitration_id=0x33
2025-01-27 02:26:42 - INFO - Waiting to receive a CAN message...
2025-01-27 02:28:07 - INFO - Message received with arbitration_id=0x33 and data=bytearray(b'\x02\x10\x02\xff\xff\xff\xff\xff') , and hole message = Timestamp: 1737937687.462323    ID:      033    S Rx                DL:  8    02 10 02 ff ff ff ff ff     Channel: 0
2025-01-27 02:28:07 - INFO - Acknowledgment sent for message arbitration_id=0x33
2025-01-27 02:28:07 - INFO - Waiting to receive a CAN message...
2025-01-27 02:29:55 - INFO - Message received with arbitration_id=0x33 and data=bytearray(b'\x02\x10\x02\xff\xff\xff\xff\xff') , and hole message = Timestamp: 1737937795.569690    ID:      033    S Rx                DL:  8    02 10 02 ff ff ff ff ff     Channel: 0
2025-01-27 02:29:55 - INFO - Acknowledgment sent for message arbitration_id=0x33
2025-01-27 02:29:55 - INFO - Waiting to receive a CAN message...
2025-01-27 02:34:27 - INFO - CAN bus initialized successfully for receiving messages.
2025-01-27 02:34:27 - INFO - Waiting to receive a CAN message...
2025-01-27 02:34:33 - INFO - Message received with arbitration_id=0x33 and data=bytearray(b'\x02\x10\x02\xff\xff\xff\xff\xff') , and hole message = Timestamp: 1737938073.752601    ID:      033    S Rx                DL:  8    02 10 02 ff ff ff ff ff     Channel: 0
2025-01-27 02:34:33 - INFO - Acknowledgment sent for message arbitration_id=0x33
2025-01-27 02:34:33 - INFO - Waiting to receive a CAN message...
2025-01-27 02:40:33 - INFO - CAN bus initialized successfully for receiving messages.
2025-01-27 02:40:33 - INFO - Waiting to receive a CAN message...
2025-01-27 02:40:39 - INFO - Message received with arbitration_id=0x33 and data=bytearray(b'\x02\x10\x02\xff\xff\xff\xff\xff') , and hole message = Timestamp: 1737938439.258718    ID:      033    S Rx                DL:  8    02 10 02 ff ff ff ff ff     Channel: 0
2025-01-27 02:40:39 - INFO - Acknowledgment sent for message arbitration_id=0x33
2025-01-27 02:40:39 - INFO - Waiting to receive a CAN message...
2025-01-27 02:41:47 - INFO - CAN bus initialized successfully for receiving messages.
2025-01-27 02:41:47 - INFO - Waiting to receive a CAN message...
2025-01-27 02:41:53 - INFO - Message received with arbitration_id=0x33 and data=bytearray(b'\x02\x10\x02\xff\xff\xff\xff\xff') , and hole message = Timestamp: 1737938513.945947    ID:      033    S Rx                DL:  8    02 10 02 ff ff ff ff ff     Channel: 0
2025-01-27 02:41:53 - INFO - Acknowledgment sent for message arbitration_id=0x33
2025-01-27 02:41:53 - INFO - Waiting to receive a CAN message...
2025-01-27 02:44:11 - INFO - CAN bus initialized successfully for receiving messages.
2025-01-27 02:44:11 - INFO - Waiting to receive a CAN message...
2025-01-27 02:44:18 - INFO - Message received with arbitration_id=0x33 and data=bytearray(b'\x02\x10\x02\xff\xff\xff\xff\xff') , and hole message = Timestamp: 1737938658.304509    ID:      033    S Rx                DL:  8    02 10 02 ff ff ff ff ff     Channel: 0
2025-01-27 02:44:18 - INFO - Acknowledgment sent for message arbitration_id=0x33
2025-01-27 02:44:18 - INFO - Waiting to receive a CAN message...
2025-01-27 02:46:00 - INFO - CAN bus initialized successfully for receiving messages.
2025-01-27 02:46:00 - INFO - Waiting to receive a CAN message...
2025-01-27 02:46:07 - INFO - Message received with arbitration_id=0x33 and data=bytearray(b'\x02\x10\x02\xff\xff\xff\xff\xff') , and hole message = Timestamp: 1737938767.867323    ID:      033    S Rx                DL:  8    02 10 02 ff ff ff ff ff     Channel: 0
2025-01-27 02:46:07 - INFO - Acknowledgment sent for message arbitration_id=0x33
2025-01-27 02:46:07 - INFO - Waiting to receive a CAN message...
2025-01-27 02:47:58 - INFO - Message received with arbitration_id=0x33 and data=bytearray(b'\x02\x10\x02\xff\xff\xff\xff\xff') , and hole message = Timestamp: 1737938878.655628    ID:      033    S Rx                DL:  8    02 10 02 ff ff ff ff ff     Channel: 0
2025-01-27 02:47:58 - INFO - Acknowledgment sent for message arbitration_id=0x33
2025-01-27 02:47:58 - INFO - Waiting to receive a CAN message...
2025-01-27 02:49:02 - INFO - Message received with arbitration_id=0x33 and data=bytearray(b'\x02\x10\x02\xff\xff\xff\xff\xff') , and hole message = Timestamp: 1737938942.455513    ID:      033    S Rx                DL:  8    02 10 02 ff ff ff ff ff     Channel: 0
2025-01-27 02:49:02 - INFO - Acknowledgment sent for message arbitration_id=0x33
2025-01-27 02:49:02 - INFO - Waiting to receive a CAN message...
2025-01-27 02:50:44 - INFO - Message received with arbitration_id=0x33 and data=bytearray(b'\x02\x10\x02\xff\xff\xff\xff\xff') , and hole message = Timestamp: 1737939044.252320    ID:      033    S Rx                DL:  8    02 10 02 ff ff ff ff ff     Channel: 0
2025-01-27 02:50:44 - INFO - Acknowledgment sent for message arbitration_id=0x33
2025-01-27 02:50:44 - INFO - Waiting to receive a CAN message...
2025-01-27 02:53:15 - INFO - Message received with arbitration_id=0x33 and data=bytearray(b'\x02\x10\x02\xff\xff\xff\xff\xff') , and hole message = Timestamp: 1737939195.389002    ID:      033    S Rx                DL:  8    02 10 02 ff ff ff ff ff     Channel: 0
2025-01-27 02:53:15 - INFO - Acknowledgment sent for message arbitration_id=0x33
2025-01-27 02:53:15 - INFO - Waiting to receive a CAN message...
2025-01-27 02:55:08 - INFO - Message received with arbitration_id=0x33 and data=bytearray(b'\x02\x10\x02\xff\xff\xff\xff\xff') , and hole message = Timestamp: 1737939308.205859    ID:      033    S Rx                DL:  8    02 10 02 ff ff ff ff ff     Channel: 0
2025-01-27 02:55:08 - INFO - Acknowledgment sent for message arbitration_id=0x33
2025-01-27 02:55:08 - INFO - Waiting to receive a CAN message...
2025-01-27 02:58:29 - INFO - Message received with arbitration_id=0x33 and data=bytearray(b'\x02\x10\x02\xff\xff\xff\xff\xff') , and hole message = Timestamp: 1737939509.151630    ID:      033    S Rx                DL:  8    02 10 02 ff ff ff ff ff     Channel: 0
2025-01-27 02:58:29 - INFO - Acknowledgment sent for message arbitration_id=0x33
2025-01-27 02:58:29 - INFO - Waiting to receive a CAN message...
2025-01-27 03:00:31 - INFO - Message received with arbitration_id=0x33 and data=bytearray(b'\x02\x10\x02\xff\xff\xff\xff\xff') , and hole message = Timestamp: 1737939631.584420    ID:      033    S Rx                DL:  8    02 10 02 ff ff ff ff ff     Channel: 0
2025-01-27 03:00:31 - INFO - Acknowledgment sent for message arbitration_id=0x33
2025-01-27 03:00:31 - INFO - Waiting to receive a CAN message...
2025-01-27 03:02:48 - INFO - Message received with arbitration_id=0x33 and data=bytearray(b'\x02\x10\x02\xff\xff\xff\xff\xff') , and hole message = Timestamp: 1737939768.852407    ID:      033    S Rx                DL:  8    02 10 02 ff ff ff ff ff     Channel: 0
2025-01-27 03:02:48 - INFO - Acknowledgment sent for message arbitration_id=0x33
2025-01-27 03:02:48 - INFO - Waiting to receive a CAN message...
2025-01-27 03:08:01 - INFO - Message received with arbitration_id=0x33 and data=bytearray(b'\x02\x10\x02\xff\xff\xff\xff\xff') , and hole message = Timestamp: 1737940081.750934    ID:      033    S Rx                DL:  8    02 10 02 ff ff ff ff ff     Channel: 0
2025-01-27 03:08:01 - INFO - Acknowledgment sent for message arbitration_id=0x33
2025-01-27 03:08:01 - INFO - Waiting to receive a CAN message...
2025-01-27 03:10:46 - INFO - Message received with arbitration_id=0x33 and data=bytearray(b'\x02\x10\x02\xff\xff\xff\xff\xff') , and hole message = Timestamp: 1737940246.985147    ID:      033    S Rx                DL:  8    02 10 02 ff ff ff ff ff     Channel: 0
2025-01-27 03:10:46 - INFO - Acknowledgment sent for message arbitration_id=0x33
2025-01-27 03:10:46 - INFO - Waiting to receive a CAN message...
2025-01-27 03:18:43 - INFO - Message received with arbitration_id=0x33 and data=bytearray(b'\x02\x10\x02\xff\xff\xff\xff\xff') , and hole message = Timestamp: 1737940723.103892    ID:      033    S Rx                DL:  8    02 10 02 ff ff ff ff ff     Channel: 0
2025-01-27 03:18:43 - INFO - Acknowledgment sent for message arbitration_id=0x33
2025-01-27 03:18:43 - INFO - Waiting to receive a CAN message...
2025-01-27 03:21:45 - INFO - Message received with arbitration_id=0x33 and data=bytearray(b'\x02\x10\x02\xff\xff\xff\xff\xff') , and hole message = Timestamp: 1737940905.232819    ID:      033    S Rx                DL:  8    02 10 02 ff ff ff ff ff     Channel: 0
2025-01-27 03:21:45 - INFO - Acknowledgment sent for message arbitration_id=0x33
2025-01-27 03:21:45 - INFO - Waiting to receive a CAN message...
